Started refreshing application (/) commands.
Successfully reloaded application (/) commands.
This bot is online!
🇺🇸 Yogi_aoe (1122) Rank #14,821, has played 12 games with a 58% winrate, and a -3 streak
Started refreshing application (/) commands.
Successfully reloaded application (/) commands.
This bot is online!
🇦🇺 PTL_Decoy (1172) Rank #12,222, has played 292 games with a 53% winrate, -1 streak, and 4 drops
[1630534888449]Started refreshing application (/) commands.
[1630534888615]Successfully reloaded application (/) commands.
[1630534888900]This bot is online!
2021-09-01 16:24:7Started refreshing application (/) commands.
2021-09-01 16:24:7Successfully reloaded application (/) commands.
2021-09-01 16:24:7This bot is online!
2021-09-01 16:26:1 Started refreshing application (/) commands.
2021-09-01 16:26:1 Successfully reloaded application (/) commands.
2021-09-01 16:26:1 This bot is online!
2021-09-01 16:26:8 Started refreshing application (/) commands.
2021-09-01 16:26:8 Successfully reloaded application (/) commands.
2021-09-01 16:26:8 This bot is online!
2021-09-01 16:26:37 Started refreshing application (/) commands.
2021-09-01 16:26:37 This bot is online!
2021-09-01 16:26:42 Started refreshing application (/) commands.
2021-09-01 16:26:42 This bot is online!
2021-09-01 16:27:02 Started refreshing application (/) commands.
2021-09-01 16:27:02 Successfully reloaded application (/) commands.
2021-09-01 16:27:02 This bot is online!
2021-09-01 16:27:33 Started refreshing application (/) commands.
2021-09-01 16:27:33 Successfully reloaded application (/) commands.
2021-09-01 16:27:33 This bot is online!
2021-09-01 16:27:33 Player not found
2021-09-01 16:27:33 Wasn't able to find player after checking different leaderboards
2021-09-01 16:27:33 Here is the path:
2021-09-01 16:27:33 /api/nightbot/match?search=dasdasdadw&flag=false&color=true&leaderboard_id=4
2021-09-01 16:28:26 Started refreshing application (/) commands.
2021-09-01 16:28:26 Successfully reloaded application (/) commands.
2021-09-01 16:28:26 This bot is online!
2021-09-01 16:28:26 🇦🇷 asdasd (1095) Rank #16,395, has played 655 games with a 50% winrate, -2 streak, and 39 drops
